<?xml version="1.0" encoding="UTF-8"?>
<testsuite xmlns:xsi="http://www.w3.org/2001/XMLSchema-instance" xsi:noNamespaceSchemaLocation="https://maven.apache.org/surefire/maven-surefire-plugin/xsd/surefire-test-report.xsd" name="dev.os.damon.gilbert.AppTest" time="0.032" tests="1" errors="0" skipped="0" failures="0">
  <properties>
    <property name="sun.desktop" value="gnome"/>
    <property name="awt.toolkit" value="sun.awt.X11.XToolkit"/>
    <property name="java.specification.version" value="11"/>
    <property name="sun.cpu.isalist" value=""/>
    <property name="sun.jnu.encoding" value="UTF-8"/>
    <property name="java.class.path" value="/home/part-time-hero/Eclipse-workspace/gilbert/target/test-classes:/home/part-time-hero/Eclipse-workspace/gilbert/target/classes:/home/part-time-hero/.m2/repository/net/dv8tion/JDA/4.3.0_310/JDA-4.3.0_310.jar:/home/part-time-hero/.m2/repository/com/google/code/findbugs/jsr305/3.0.2/jsr305-3.0.2.jar:/home/part-time-hero/.m2/repository/org/jetbrains/annotations/16.0.1/annotations-16.0.1.jar:/home/part-time-hero/.m2/repository/org/slf4j/slf4j-api/1.7.25/slf4j-api-1.7.25.jar:/home/part-time-hero/.m2/repository/com/neovisionaries/nv-websocket-client/2.14/nv-websocket-client-2.14.jar:/home/part-time-hero/.m2/repository/com/squareup/okhttp3/okhttp/3.13.0/okhttp-3.13.0.jar:/home/part-time-hero/.m2/repository/com/squareup/okio/okio/1.17.2/okio-1.17.2.jar:/home/part-time-hero/.m2/repository/club/minnced/opus-java-api/1.1.0/opus-java-api-1.1.0.jar:/home/part-time-hero/.m2/repository/net/java/dev/jna/jna/4.4.0/jna-4.4.0.jar:/home/part-time-hero/.m2/repository/club/minnced/opus-java-natives/1.1.0/opus-java-natives-1.1.0.jar:/home/part-time-hero/.m2/repository/org/apache/commons/commons-collections4/4.1/commons-collections4-4.1.jar:/home/part-time-hero/.m2/repository/net/sf/trove4j/trove4j/3.0.3/trove4j-3.0.3.jar:/home/part-time-hero/.m2/repository/com/fasterxml/jackson/core/jackson-databind/2.10.1/jackson-databind-2.10.1.jar:/home/part-time-hero/.m2/repository/com/fasterxml/jackson/core/jackson-annotations/2.10.1/jackson-annotations-2.10.1.jar:/home/part-time-hero/.m2/repository/junit/junit/4.11/junit-4.11.jar:/home/part-time-hero/.m2/repository/org/hamcrest/hamcrest-core/1.3/hamcrest-core-1.3.jar:/home/part-time-hero/.m2/repository/com/sedmelluq/lavaplayer/1.3.77/lavaplayer-1.3.77.jar:/home/part-time-hero/.m2/repository/com/sedmelluq/lava-common/1.1.2/lava-common-1.1.2.jar:/home/part-time-hero/.m2/repository/org/apache/httpcomponents/httpclient/4.5.10/httpclient-4.5.10.jar:/home/part-time-hero/.m2/repository/org/apache/httpcomponents/httpcore/4.4.12/httpcore-4.4.12.jar:/home/part-time-hero/.m2/repository/commons-logging/commons-logging/1.2/commons-logging-1.2.jar:/home/part-time-hero/.m2/repository/commons-codec/commons-codec/1.11/commons-codec-1.11.jar:/home/part-time-hero/.m2/repository/com/fasterxml/jackson/core/jackson-core/2.10.0/jackson-core-2.10.0.jar:/home/part-time-hero/.m2/repository/com/sedmelluq/lavaplayer-natives/1.3.14/lavaplayer-natives-1.3.14.jar:/home/part-time-hero/.m2/repository/commons-io/commons-io/2.6/commons-io-2.6.jar:/home/part-time-hero/.m2/repository/org/jsoup/jsoup/1.12.1/jsoup-1.12.1.jar:/home/part-time-hero/.m2/repository/net/iharder/base64/2.3.9/base64-2.3.9.jar:/home/part-time-hero/.m2/repository/mysql/mysql-connector-java/8.0.26/mysql-connector-java-8.0.26.jar:/home/part-time-hero/.m2/repository/com/google/protobuf/protobuf-java/3.11.4/protobuf-java-3.11.4.jar:"/>
    <property name="java.vm.vendor" value="Ubuntu"/>
    <property name="sun.arch.data.model" value="64"/>
    <property name="java.vendor.url" value="https://ubuntu.com/"/>
    <property name="user.timezone" value=""/>
    <property name="java.vm.specification.version" value="11"/>
    <property name="os.name" value="Linux"/>
    <property name="sun.java.launcher" value="SUN_STANDARD"/>
    <property name="user.country" value="IN"/>
    <property name="sun.boot.library.path" value="/usr/lib/jvm/java-11-openjdk-amd64/lib"/>
    <property name="sun.java.command" value="/home/part-time-hero/Eclipse-workspace/gilbert/target/surefire/surefirebooter6746173813208701897.jar /home/part-time-hero/Eclipse-workspace/gilbert/target/surefire 2021-08-21T23-13-44_906-jvmRun1 surefire17072942924068319027tmp surefire_03615995147265367008tmp"/>
    <property name="jdk.debug" value="release"/>
    <property name="surefire.test.class.path" value="/home/part-time-hero/Eclipse-workspace/gilbert/target/test-classes:/home/part-time-hero/Eclipse-workspace/gilbert/target/classes:/home/part-time-hero/.m2/repository/net/dv8tion/JDA/4.3.0_310/JDA-4.3.0_310.jar:/home/part-time-hero/.m2/repository/com/google/code/findbugs/jsr305/3.0.2/jsr305-3.0.2.jar:/home/part-time-hero/.m2/repository/org/jetbrains/annotations/16.0.1/annotations-16.0.1.jar:/home/part-time-hero/.m2/repository/org/slf4j/slf4j-api/1.7.25/slf4j-api-1.7.25.jar:/home/part-time-hero/.m2/repository/com/neovisionaries/nv-websocket-client/2.14/nv-websocket-client-2.14.jar:/home/part-time-hero/.m2/repository/com/squareup/okhttp3/okhttp/3.13.0/okhttp-3.13.0.jar:/home/part-time-hero/.m2/repository/com/squareup/okio/okio/1.17.2/okio-1.17.2.jar:/home/part-time-hero/.m2/repository/club/minnced/opus-java-api/1.1.0/opus-java-api-1.1.0.jar:/home/part-time-hero/.m2/repository/net/java/dev/jna/jna/4.4.0/jna-4.4.0.jar:/home/part-time-hero/.m2/repository/club/minnced/opus-java-natives/1.1.0/opus-java-natives-1.1.0.jar:/home/part-time-hero/.m2/repository/org/apache/commons/commons-collections4/4.1/commons-collections4-4.1.jar:/home/part-time-hero/.m2/repository/net/sf/trove4j/trove4j/3.0.3/trove4j-3.0.3.jar:/home/part-time-hero/.m2/repository/com/fasterxml/jackson/core/jackson-databind/2.10.1/jackson-databind-2.10.1.jar:/home/part-time-hero/.m2/repository/com/fasterxml/jackson/core/jackson-annotations/2.10.1/jackson-annotations-2.10.1.jar:/home/part-time-hero/.m2/repository/junit/junit/4.11/junit-4.11.jar:/home/part-time-hero/.m2/repository/org/hamcrest/hamcrest-core/1.3/hamcrest-core-1.3.jar:/home/part-time-hero/.m2/repository/com/sedmelluq/lavaplayer/1.3.77/lavaplayer-1.3.77.jar:/home/part-time-hero/.m2/repository/com/sedmelluq/lava-common/1.1.2/lava-common-1.1.2.jar:/home/part-time-hero/.m2/repository/org/apache/httpcomponents/httpclient/4.5.10/httpclient-4.5.10.jar:/home/part-time-hero/.m2/repository/org/apache/httpcomponents/httpcore/4.4.12/httpcore-4.4.12.jar:/home/part-time-hero/.m2/repository/commons-logging/commons-logging/1.2/commons-logging-1.2.jar:/home/part-time-hero/.m2/repository/commons-codec/commons-codec/1.11/commons-codec-1.11.jar:/home/part-time-hero/.m2/repository/com/fasterxml/jackson/core/jackson-core/2.10.0/jackson-core-2.10.0.jar:/home/part-time-hero/.m2/repository/com/sedmelluq/lavaplayer-natives/1.3.14/lavaplayer-natives-1.3.14.jar:/home/part-time-hero/.m2/repository/commons-io/commons-io/2.6/commons-io-2.6.jar:/home/part-time-hero/.m2/repository/org/jsoup/jsoup/1.12.1/jsoup-1.12.1.jar:/home/part-time-hero/.m2/repository/net/iharder/base64/2.3.9/base64-2.3.9.jar:/home/part-time-hero/.m2/repository/mysql/mysql-connector-java/8.0.26/mysql-connector-java-8.0.26.jar:/home/part-time-hero/.m2/repository/com/google/protobuf/protobuf-java/3.11.4/protobuf-java-3.11.4.jar:"/>
    <property name="sun.cpu.endian" value="little"/>
    <property name="user.home" value="/home/part-time-hero"/>
    <property name="user.language" value="en"/>
    <property name="java.specification.vendor" value="Oracle Corporation"/>
    <property name="java.version.date" value="2021-04-20"/>
    <property name="java.home" value="/usr/lib/jvm/java-11-openjdk-amd64"/>
    <property name="file.separator" value="/"/>
    <property name="basedir" value="/home/part-time-hero/Eclipse-workspace/gilbert"/>
    <property name="java.vm.compressedOopsMode" value="32-bit"/>
    <property name="line.separator" value="&#10;"/>
    <property name="java.specification.name" value="Java Platform API Specification"/>
    <property name="java.vm.specification.vendor" value="Oracle Corporation"/>
    <property name="java.awt.graphicsenv" value="sun.awt.X11GraphicsEnvironment"/>
    <property name="surefire.real.class.path" value="/home/part-time-hero/Eclipse-workspace/gilbert/target/surefire/surefirebooter6746173813208701897.jar"/>
    <property name="sun.management.compiler" value="HotSpot 64-Bit Tiered Compilers"/>
    <property name="java.runtime.version" value="11.0.11+9-Ubuntu-0ubuntu2.20.04"/>
    <property name="user.name" value="part-time-hero"/>
    <property name="path.separator" value=":"/>
    <property name="os.version" value="5.4.0-74-generic"/>
    <property name="java.runtime.name" value="OpenJDK Runtime Environment"/>
    <property name="file.encoding" value="UTF-8"/>
    <property name="java.vm.name" value="OpenJDK 64-Bit Server VM"/>
    <property name="localRepository" value="/home/part-time-hero/.m2/repository"/>
    <property name="java.vendor.url.bug" value="https://bugs.launchpad.net/ubuntu/+source/openjdk-lts"/>
    <property name="java.io.tmpdir" value="/tmp"/>
    <property name="java.version" value="11.0.11"/>
    <property name="user.dir" value="/home/part-time-hero/Eclipse-workspace/gilbert"/>
    <property name="os.arch" value="amd64"/>
    <property name="java.vm.specification.name" value="Java Virtual Machine Specification"/>
    <property name="java.awt.printerjob" value="sun.print.PSPrinterJob"/>
    <property name="sun.os.patch.level" value="unknown"/>
    <property name="java.library.path" value="/usr/java/packages/lib:/usr/lib/x86_64-linux-gnu/jni:/lib/x86_64-linux-gnu:/usr/lib/x86_64-linux-gnu:/usr/lib/jni:/lib:/usr/lib"/>
    <property name="java.vm.info" value="mixed mode, sharing"/>
    <property name="java.vendor" value="Ubuntu"/>
    <property name="java.vm.version" value="11.0.11+9-Ubuntu-0ubuntu2.20.04"/>
    <property name="sun.io.unicode.encoding" value="UnicodeLittle"/>
    <property name="java.class.version" value="55.0"/>
  </properties>
  <testcase name="shouldAnswerWithTrue" classname="dev.os.damon.gilbert.AppTest" time="0.001"/>
</testsuite>